[02:04:48 - 14/06/2016]
File: /views/installer/_____007_postInstall.php
Line: 63
Error: Undefined index: install_userName
------------------------------------------------------------ 
[02:04:48 - 14/06/2016]
File: /views/installer/_____007_postInstall.php
Line: 64
Error: Undefined index: install_newPassword
------------------------------------------------------------ 
[02:05:05 - 14/06/2016]
File: /views/installer/_____007_postInstall.php
Line: 63
Error: Undefined index: install_userName
------------------------------------------------------------ 
[02:05:05 - 14/06/2016]
File: /views/installer/_____007_postInstall.php
Line: 64
Error: Undefined index: install_newPassword
------------------------------------------------------------ 
[02:05:43 - 14/06/2016]
File: /views/installer/_____007_postInstall.php
Line: 63
Error: Undefined index: install_userName
------------------------------------------------------------ 
[02:05:43 - 14/06/2016]
File: /views/installer/_____007_postInstall.php
Line: 64
Error: Undefined index: install_newPassword
------------------------------------------------------------ 
[02:07:00 - 14/06/2016]
File: /views/installer/_____007_postInstall.php
Line: 63
Error: Undefined index: install_userName
------------------------------------------------------------ 
[02:07:00 - 14/06/2016]
File: /views/installer/_____007_postInstall.php
Line: 64
Error: Undefined index: install_newPassword
------------------------------------------------------------ 
[02:07:13 - 14/06/2016]
File: /views/installer/_____007_postInstall.php
Line: 63
Error: Undefined index: install_userName
------------------------------------------------------------ 
[02:07:13 - 14/06/2016]
File: /views/installer/_____007_postInstall.php
Line: 64
Error: Undefined index: install_newPassword
------------------------------------------------------------ 
